app/build/intermediates/manifest_merge_blame_file/debug/manifest-merger-blame-debug-report.txt
1<?xml version="1.0" encoding="utf-8"?>
2<manifest xmlns:android="http://schemas.android.com/apk/res/android"
3    package="com.example.beyoureyes"
4    android:versionCode="1"
5    android:versionName="1.0" >
6
7    <uses-sdk
8        android:minSdkVersion="24"
9        android:targetSdkVersion="33" />
10    <!-- Internet permission -->
11    <uses-permission
11-->src\main\AndroidManifest.xml:5:5-7:38
12        android:name="android.permission.WRITE_EXTERNAL_STORAGE"
12-->src\main\AndroidManifest.xml:6:9-65
13        android:maxSdkVersion="18" />
13-->src\main\AndroidManifest.xml:7:9-35
14
15    <uses-feature
15-->src\main\AndroidManifest.xml:8:5-10:35
16        android:name="android.hardware.camera"
16-->src\main\AndroidManifest.xml:9:9-47
17        android:required="true" />
17-->src\main\AndroidManifest.xml:10:9-32
18
19    <uses-permission android:name="android.permission.INTERNET" />
19-->src\main\AndroidManifest.xml:12:5-67
19-->src\main\AndroidManifest.xml:12:22-64
20    <uses-permission android:name="android.permission.CAMERA" />
20-->src\main\AndroidManifest.xml:13:5-65
20-->src\main\AndroidManifest.xml:13:22-62
21
22    <queries>
22-->src\main\AndroidManifest.xml:15:5-20:15
23
24        <!-- Camera -->
25        <intent>
25-->src\main\AndroidManifest.xml:17:9-19:18
26            <action android:name="android.media.action.IMAGE_CAPTURE" />
26-->src\main\AndroidManifest.xml:18:13-73
26-->src\main\AndroidManifest.xml:18:21-70
27        </intent>
28        <intent>
28-->[androidx.camera:camera-extensions:1.2.0-alpha01] AndroidManifest.xml:25:9-27:18
29            <action android:name="androidx.camera.extensions.action.VENDOR_ACTION" />
29-->[androidx.camera:camera-extensions:1.2.0-alpha01] AndroidManifest.xml:26:13-86
29-->[androidx.camera:camera-extensions:1.2.0-alpha01] AndroidManifest.xml:26:21-83
30        </intent>
31    </queries>
32
33    <uses-permission android:name="android.permission.ACCESS_NETWORK_STATE" />
33-->[com.google.firebase:firebase-auth:22.1.2] AndroidManifest.xml:26:5-79
33-->[com.google.firebase:firebase-auth:22.1.2] AndroidManifest.xml:26:22-76
34
35    <permission
35-->[androidx.core:core:1.9.0] AndroidManifest.xml:22:5-24:47
36        android:name="com.example.beyoureyes.DYNAMIC_RECEIVER_NOT_EXPORTED_PERMISSION"
36-->[androidx.core:core:1.9.0] AndroidManifest.xml:23:9-81
37        android:protectionLevel="signature" />
37-->[androidx.core:core:1.9.0] AndroidManifest.xml:24:9-44
38
39    <uses-permission android:name="com.example.beyoureyes.DYNAMIC_RECEIVER_NOT_EXPORTED_PERMISSION" />
39-->[androidx.core:core:1.9.0] AndroidManifest.xml:26:5-97
39-->[androidx.core:core:1.9.0] AndroidManifest.xml:26:22-94
40
41    <application
41-->src\main\AndroidManifest.xml:22:5-102:19
42        android:name="com.example.beyoureyes.userId"
42-->src\main\AndroidManifest.xml:23:9-31
43        android:allowBackup="true"
43-->src\main\AndroidManifest.xml:24:9-35
44        android:appComponentFactory="androidx.core.app.CoreComponentFactory"
44-->[androidx.core:core:1.9.0] AndroidManifest.xml:28:18-86
45        android:dataExtractionRules="@xml/data_extraction_rules"
45-->src\main\AndroidManifest.xml:25:9-65
46        android:debuggable="true"
47        android:extractNativeLibs="false"
48        android:fullBackupContent="@xml/backup_rules"
48-->src\main\AndroidManifest.xml:26:9-54
49        android:icon="@mipmap/ic_launcher"
49-->src\main\AndroidManifest.xml:27:9-43
50        android:label="@string/app_name"
50-->src\main\AndroidManifest.xml:28:9-41
51        android:roundIcon="@mipmap/ic_launcher_round"
51-->src\main\AndroidManifest.xml:29:9-54
52        android:supportsRtl="true"
52-->src\main\AndroidManifest.xml:30:9-35
53        android:testOnly="true"
54        android:theme="@style/Theme.BeYourEyes" >
54-->src\main\AndroidManifest.xml:31:9-48
55        <activity
55-->src\main\AndroidManifest.xml:33:9-35:40
56            android:name="com.example.beyoureyes.LoadingActivity"
56-->src\main\AndroidManifest.xml:34:13-44
57            android:exported="false" />
57-->src\main\AndroidManifest.xml:35:13-37
58        <activity
58-->src\main\AndroidManifest.xml:36:9-38:40
59            android:name="com.example.beyoureyes.FoodInfoNutritionPersonalizedActivity"
59-->src\main\AndroidManifest.xml:37:13-66
60            android:exported="false" />
60-->src\main\AndroidManifest.xml:38:13-37
61        <activity
61-->src\main\AndroidManifest.xml:39:9-41:40
62            android:name="com.example.beyoureyes.FoodInfoNutritionActivity"
62-->src\main\AndroidManifest.xml:40:13-54
63            android:exported="false" />
63-->src\main\AndroidManifest.xml:41:13-37
64        <activity
64-->src\main\AndroidManifest.xml:42:9-44:40
65            android:name="com.example.beyoureyes.FoodInfoAllergyPersonalizedActivity"
65-->src\main\AndroidManifest.xml:43:13-64
66            android:exported="false" />
66-->src\main\AndroidManifest.xml:44:13-37
67        <activity
67-->src\main\AndroidManifest.xml:45:9-47:40
68            android:name="com.example.beyoureyes.FoodInfoAllergyActivity"
68-->src\main\AndroidManifest.xml:46:13-52
69            android:exported="false" />
69-->src\main\AndroidManifest.xml:47:13-37
70        <activity
70-->src\main\AndroidManifest.xml:48:9-50:40
71            android:name="com.example.beyoureyes.FoodInfoAllPersonalizedActivity"
71-->src\main\AndroidManifest.xml:49:13-60
72            android:exported="false" />
72-->src\main\AndroidManifest.xml:50:13-37
73        <activity
73-->src\main\AndroidManifest.xml:51:9-53:40
74            android:name="com.example.beyoureyes.CameraOcrproblemActivity"
74-->src\main\AndroidManifest.xml:52:13-53
75            android:exported="false" />
75-->src\main\AndroidManifest.xml:53:13-37
76        <activity
76-->src\main\AndroidManifest.xml:54:9-56:40
77            android:name="com.example.beyoureyes.CameraFocusProblemActivity"
77-->src\main\AndroidManifest.xml:55:13-55
78            android:exported="false" />
78-->src\main\AndroidManifest.xml:56:13-37
79        <activity
79-->src\main\AndroidManifest.xml:57:9-59:40
80            android:name="com.example.beyoureyes.FoodInfoAllActivity"
80-->src\main\AndroidManifest.xml:58:13-48
81            android:exported="false" />
81-->src\main\AndroidManifest.xml:59:13-37
82        <activity
82-->src\main\AndroidManifest.xml:60:9-62:40
83            android:name="com.example.beyoureyes.TodayIntakeActivity"
83-->src\main\AndroidManifest.xml:61:13-48
84            android:exported="false" />
84-->src\main\AndroidManifest.xml:62:13-37
85        <activity
85-->src\main\AndroidManifest.xml:63:9-65:40
86            android:name="com.example.beyoureyes.CameraFirstActivity"
86-->src\main\AndroidManifest.xml:64:13-48
87            android:exported="false" />
87-->src\main\AndroidManifest.xml:65:13-37
88        <activity
88-->src\main\AndroidManifest.xml:66:9-68:40
89            android:name="com.example.beyoureyes.TodayIntakePersonalizedActivity"
89-->src\main\AndroidManifest.xml:67:13-60
90            android:exported="false" />
90-->src\main\AndroidManifest.xml:68:13-37
91        <activity
91-->src\main\AndroidManifest.xml:69:9-71:40
92            android:name="com.example.beyoureyes.UserInfoActivity"
92-->src\main\AndroidManifest.xml:70:13-45
93            android:exported="false" />
93-->src\main\AndroidManifest.xml:71:13-37
94        <activity
94-->src\main\AndroidManifest.xml:72:9-74:40
95            android:name="com.example.beyoureyes.UserInfoRegisterActivity"
95-->src\main\AndroidManifest.xml:73:13-53
96            android:exported="false" />
96-->src\main\AndroidManifest.xml:74:13-37
97        <activity
97-->src\main\AndroidManifest.xml:75:9-83:20
98            android:name="com.example.beyoureyes.SplashActivity"
98-->src\main\AndroidManifest.xml:76:13-43
99            android:exported="true" >
99-->src\main\AndroidManifest.xml:77:13-36
100            <intent-filter>
100-->src\main\AndroidManifest.xml:78:13-82:29
101                <action android:name="android.intent.action.MAIN" />
101-->src\main\AndroidManifest.xml:79:17-69
101-->src\main\AndroidManifest.xml:79:25-66
102
103                <category android:name="android.intent.category.LAUNCHER" />
103-->src\main\AndroidManifest.xml:81:17-77
103-->src\main\AndroidManifest.xml:81:27-74
104            </intent-filter>
105        </activity>
106        <activity
106-->src\main\AndroidManifest.xml:84:9-86:40
107            android:name="com.example.beyoureyes.HomeActivity"
107-->src\main\AndroidManifest.xml:85:13-41
108            android:exported="false" />
108-->src\main\AndroidManifest.xml:86:13-37
109
110        <provider
111            android:name="androidx.core.content.FileProvider"
111-->src\main\AndroidManifest.xml:89:13-62
112            android:authorities="com.example.beyoureyes.fileprovider"
112-->src\main\AndroidManifest.xml:90:13-64
113            android:exported="false"
113-->src\main\AndroidManifest.xml:91:13-37
114            android:grantUriPermissions="true" >
114-->src\main\AndroidManifest.xml:92:13-47
115            <meta-data
115-->src\main\AndroidManifest.xml:93:13-95:54
116                android:name="android.support.FILE_PROVIDER_PATHS"
116-->src\main\AndroidManifest.xml:94:17-67
117                android:resource="@xml/file_paths" />
117-->src\main\AndroidManifest.xml:95:17-51
118        </provider>
119
120        <meta-data
120-->src\main\AndroidManifest.xml:98:9-100:42
121            android:name="com.google.mlkit.vision.DEPENDENCIES"
121-->src\main\AndroidManifest.xml:99:13-64
122            android:value="ocr_korean" />
122-->src\main\AndroidManifest.xml:100:13-39
123
124        <service
124-->[com.google.firebase:firebase-database-ktx:20.2.2] AndroidManifest.xml:11:9-17:19
125            android:name="com.google.firebase.components.ComponentDiscoveryService"
125-->[com.google.firebase:firebase-database-ktx:20.2.2] AndroidManifest.xml:12:13-84
126            android:directBootAware="true"
126-->[com.google.firebase:firebase-common:20.3.3] AndroidManifest.xml:34:13-43
127            android:exported="false" >
127-->[com.google.firebase:firebase-database-ktx:20.2.2] AndroidManifest.xml:13:13-37
128            <meta-data
128-->[com.google.firebase:firebase-database-ktx:20.2.2] AndroidManifest.xml:14:13-16:85
129                android:name="com.google.firebase.components:com.google.firebase.database.ktx.FirebaseDatabaseKtxRegistrar"
129-->[com.google.firebase:firebase-database-ktx:20.2.2] AndroidManifest.xml:15:17-124
130                android:value="com.google.firebase.components.ComponentRegistrar" />
130-->[com.google.firebase:firebase-database-ktx:20.2.2] AndroidManifest.xml:16:17-82
131            <meta-data
131-->[com.google.firebase:firebase-storage-ktx:20.2.1] AndroidManifest.xml:14:13-16:85
132                android:name="com.google.firebase.components:com.google.firebase.storage.ktx.FirebaseStorageKtxRegistrar"
132-->[com.google.firebase:firebase-storage-ktx:20.2.1] AndroidManifest.xml:15:17-122
133                android:value="com.google.firebase.components.ComponentRegistrar" />
133-->[com.google.firebase:firebase-storage-ktx:20.2.1] AndroidManifest.xml:16:17-82
134            <meta-data
134-->[com.google.firebase:firebase-firestore-ktx:24.8.1] AndroidManifest.xml:12:13-14:85
135                android:name="com.google.firebase.components:com.google.firebase.firestore.ktx.FirebaseFirestoreKtxRegistrar"
135-->[com.google.firebase:firebase-firestore-ktx:24.8.1] AndroidManifest.xml:13:17-126
136                android:value="com.google.firebase.components.ComponentRegistrar" />
136-->[com.google.firebase:firebase-firestore-ktx:24.8.1] AndroidManifest.xml:14:17-82
137            <meta-data
137-->[com.google.firebase:firebase-auth-ktx:22.1.2] AndroidManifest.xml:11:13-13:85
138                android:name="com.google.firebase.components:com.google.firebase.auth.ktx.FirebaseAuthKtxRegistrar"
138-->[com.google.firebase:firebase-auth-ktx:22.1.2] AndroidManifest.xml:12:17-116
139                android:value="com.google.firebase.components.ComponentRegistrar" />
139-->[com.google.firebase:firebase-auth-ktx:22.1.2] AndroidManifest.xml:13:17-82
140            <meta-data
140-->[com.google.firebase:firebase-common-ktx:20.3.3] AndroidManifest.xml:14:13-16:85
141                android:name="com.google.firebase.components:com.google.firebase.ktx.FirebaseCommonKtxRegistrar"
141-->[com.google.firebase:firebase-common-ktx:20.3.3] AndroidManifest.xml:15:17-113
142                android:value="com.google.firebase.components.ComponentRegistrar" />
142-->[com.google.firebase:firebase-common-ktx:20.3.3] AndroidManifest.xml:16:17-82
143            <meta-data
143-->[com.google.firebase:firebase-auth:22.1.2] AndroidManifest.xml:69:13-71:85
144                android:name="com.google.firebase.components:com.google.firebase.auth.FirebaseAuthRegistrar"
144-->[com.google.firebase:firebase-auth:22.1.2] AndroidManifest.xml:70:17-109
145                android:value="com.google.firebase.components.ComponentRegistrar" />
145-->[com.google.firebase:firebase-auth:22.1.2] AndroidManifest.xml:71:17-82
146            <meta-data
146-->[com.google.firebase:firebase-firestore:24.8.1] AndroidManifest.xml:17:13-19:85
147                android:name="com.google.firebase.components:com.google.firebase.firestore.FirestoreRegistrar"
147-->[com.google.firebase:firebase-firestore:24.8.1] AndroidManifest.xml:18:17-111
148                android:value="com.google.firebase.components.ComponentRegistrar" />
148-->[com.google.firebase:firebase-firestore:24.8.1] AndroidManifest.xml:19:17-82
149            <meta-data
149-->[com.google.firebase:firebase-database:20.2.2] AndroidManifest.xml:31:13-33:85
150                android:name="com.google.firebase.components:com.google.firebase.database.DatabaseRegistrar"
150-->[com.google.firebase:firebase-database:20.2.2] AndroidManifest.xml:32:17-109
151                android:value="com.google.firebase.components.ComponentRegistrar" />
151-->[com.google.firebase:firebase-database:20.2.2] AndroidManifest.xml:33:17-82
152            <meta-data
152-->[com.google.firebase:firebase-storage:20.2.1] AndroidManifest.xml:32:13-34:85
153                android:name="com.google.firebase.components:com.google.firebase.storage.StorageRegistrar"
153-->[com.google.firebase:firebase-storage:20.2.1] AndroidManifest.xml:33:17-107
154                android:value="com.google.firebase.components.ComponentRegistrar" />
154-->[com.google.firebase:firebase-storage:20.2.1] AndroidManifest.xml:34:17-82
155        </service>
156
157        <activity
157-->[com.google.firebase:firebase-auth:22.1.2] AndroidManifest.xml:29:9-46:20
158            android:name="com.google.firebase.auth.internal.GenericIdpActivity"
158-->[com.google.firebase:firebase-auth:22.1.2] AndroidManifest.xml:30:13-80
159            android:excludeFromRecents="true"
159-->[com.google.firebase:firebase-auth:22.1.2] AndroidManifest.xml:31:13-46
160            android:exported="true"
160-->[com.google.firebase:firebase-auth:22.1.2] AndroidManifest.xml:32:13-36
161            android:launchMode="singleTask"
161-->[com.google.firebase:firebase-auth:22.1.2] AndroidManifest.xml:33:13-44
162            android:theme="@android:style/Theme.Translucent.NoTitleBar" >
162-->[com.google.firebase:firebase-auth:22.1.2] AndroidManifest.xml:34:13-72
163            <intent-filter>
163-->[com.google.firebase:firebase-auth:22.1.2] AndroidManifest.xml:35:13-45:29
164                <action android:name="android.intent.action.VIEW" />
164-->[com.google.firebase:firebase-auth:22.1.2] AndroidManifest.xml:36:17-69
164-->[com.google.firebase:firebase-auth:22.1.2] AndroidManifest.xml:36:25-66
165
166                <category android:name="android.intent.category.DEFAULT" />
166-->[com.google.firebase:firebase-auth:22.1.2] AndroidManifest.xml:38:17-76
166-->[com.google.firebase:firebase-auth:22.1.2] AndroidManifest.xml:38:27-73
167                <category android:name="android.intent.category.BROWSABLE" />
167-->[com.google.firebase:firebase-auth:22.1.2] AndroidManifest.xml:39:17-78
167-->[com.google.firebase:firebase-auth:22.1.2] AndroidManifest.xml:39:27-75
168
169                <data
169-->[com.google.firebase:firebase-auth:22.1.2] AndroidManifest.xml:41:17-44:51
170                    android:host="firebase.auth"
170-->[com.google.firebase:firebase-auth:22.1.2] AndroidManifest.xml:42:21-49
171                    android:path="/"
171-->[com.google.firebase:firebase-auth:22.1.2] AndroidManifest.xml:43:21-37
172                    android:scheme="genericidp" />
172-->[com.google.firebase:firebase-auth:22.1.2] AndroidManifest.xml:44:21-48
173            </intent-filter>
174        </activity>
175        <activity
175-->[com.google.firebase:firebase-auth:22.1.2] AndroidManifest.xml:47:9-64:20
176            android:name="com.google.firebase.auth.internal.RecaptchaActivity"
176-->[com.google.firebase:firebase-auth:22.1.2] AndroidManifest.xml:48:13-79
177            android:excludeFromRecents="true"
177-->[com.google.firebase:firebase-auth:22.1.2] AndroidManifest.xml:49:13-46
178            android:exported="true"
178-->[com.google.firebase:firebase-auth:22.1.2] AndroidManifest.xml:50:13-36
179            android:launchMode="singleTask"
179-->[com.google.firebase:firebase-auth:22.1.2] AndroidManifest.xml:51:13-44
180            android:theme="@android:style/Theme.Translucent.NoTitleBar" >
180-->[com.google.firebase:firebase-auth:22.1.2] AndroidManifest.xml:52:13-72
181            <intent-filter>
181-->[com.google.firebase:firebase-auth:22.1.2] AndroidManifest.xml:53:13-63:29
182                <action android:name="android.intent.action.VIEW" />
182-->[com.google.firebase:firebase-auth:22.1.2] AndroidManifest.xml:36:17-69
182-->[com.google.firebase:firebase-auth:22.1.2] AndroidManifest.xml:36:25-66
183
184                <category android:name="android.intent.category.DEFAULT" />
184-->[com.google.firebase:firebase-auth:22.1.2] AndroidManifest.xml:38:17-76
184-->[com.google.firebase:firebase-auth:22.1.2] AndroidManifest.xml:38:27-73
185                <category android:name="android.intent.category.BROWSABLE" />
185-->[com.google.firebase:firebase-auth:22.1.2] AndroidManifest.xml:39:17-78
185-->[com.google.firebase:firebase-auth:22.1.2] AndroidManifest.xml:39:27-75
186
187                <data
187-->[com.google.firebase:firebase-auth:22.1.2] AndroidManifest.xml:41:17-44:51
188                    android:host="firebase.auth"
188-->[com.google.firebase:firebase-auth:22.1.2] AndroidManifest.xml:42:21-49
189                    android:path="/"
189-->[com.google.firebase:firebase-auth:22.1.2] AndroidManifest.xml:43:21-37
190                    android:scheme="recaptcha" />
190-->[com.google.firebase:firebase-auth:22.1.2] AndroidManifest.xml:44:21-48
191            </intent-filter>
192        </activity>
193        <activity
193-->[com.google.android.gms:play-services-auth:19.2.0] AndroidManifest.xml:23:9-27:75
194            android:name="com.google.android.gms.auth.api.signin.internal.SignInHubActivity"
194-->[com.google.android.gms:play-services-auth:19.2.0] AndroidManifest.xml:24:13-93
195            android:excludeFromRecents="true"
195-->[com.google.android.gms:play-services-auth:19.2.0] AndroidManifest.xml:25:13-46
196            android:exported="false"
196-->[com.google.android.gms:play-services-auth:19.2.0] AndroidManifest.xml:26:13-37
197            android:theme="@android:style/Theme.Translucent.NoTitleBar" />
197-->[com.google.android.gms:play-services-auth:19.2.0] AndroidManifest.xml:27:13-72
198        <!--
199            Service handling Google Sign-In user revocation. For apps that do not integrate with
200            Google Sign-In, this service will never be started.
201        -->
202        <service
202-->[com.google.android.gms:play-services-auth:19.2.0] AndroidManifest.xml:33:9-37:51
203            android:name="com.google.android.gms.auth.api.signin.RevocationBoundService"
203-->[com.google.android.gms:play-services-auth:19.2.0] AndroidManifest.xml:34:13-89
204            android:exported="true"
204-->[com.google.android.gms:play-services-auth:19.2.0] AndroidManifest.xml:35:13-36
205            android:permission="com.google.android.gms.auth.api.signin.permission.REVOCATION_NOTIFICATION"
205-->[com.google.android.gms:play-services-auth:19.2.0] AndroidManifest.xml:36:13-107
206            android:visibleToInstantApps="true" />
206-->[com.google.android.gms:play-services-auth:19.2.0] AndroidManifest.xml:37:13-48
207        <service
207-->[com.google.android.gms:play-services-mlkit-text-recognition-common:19.0.0] AndroidManifest.xml:9:9-15:19
208            android:name="com.google.mlkit.common.internal.MlKitComponentDiscoveryService"
208-->[com.google.android.gms:play-services-mlkit-text-recognition-common:19.0.0] AndroidManifest.xml:10:13-91
209            android:directBootAware="true"
209-->[com.google.mlkit:common:18.8.0] AndroidManifest.xml:17:13-43
210            android:exported="false" >
210-->[com.google.android.gms:play-services-mlkit-text-recognition-common:19.0.0] AndroidManifest.xml:11:13-37
211            <meta-data
211-->[com.google.android.gms:play-services-mlkit-text-recognition-common:19.0.0] AndroidManifest.xml:12:13-14:85
212                android:name="com.google.firebase.components:com.google.mlkit.vision.text.internal.TextRegistrar"
212-->[com.google.android.gms:play-services-mlkit-text-recognition-common:19.0.0] AndroidManifest.xml:13:17-114
213                android:value="com.google.firebase.components.ComponentRegistrar" />
213-->[com.google.android.gms:play-services-mlkit-text-recognition-common:19.0.0] AndroidManifest.xml:14:17-82
214            <meta-data
214-->[com.google.mlkit:vision-common:17.3.0] AndroidManifest.xml:12:13-14:85
215                android:name="com.google.firebase.components:com.google.mlkit.vision.common.internal.VisionCommonRegistrar"
215-->[com.google.mlkit:vision-common:17.3.0] AndroidManifest.xml:13:17-124
216                android:value="com.google.firebase.components.ComponentRegistrar" />
216-->[com.google.mlkit:vision-common:17.3.0] AndroidManifest.xml:14:17-82
217            <meta-data
217-->[com.google.mlkit:common:18.8.0] AndroidManifest.xml:20:13-22:85
218                android:name="com.google.firebase.components:com.google.mlkit.common.internal.CommonComponentRegistrar"
218-->[com.google.mlkit:common:18.8.0] AndroidManifest.xml:21:17-120
219                android:value="com.google.firebase.components.ComponentRegistrar" />
219-->[com.google.mlkit:common:18.8.0] AndroidManifest.xml:22:17-82
220        </service>
221
222        <provider
222-->[com.google.mlkit:common:18.8.0] AndroidManifest.xml:9:9-13:38
223            android:name="com.google.mlkit.common.internal.MlKitInitProvider"
223-->[com.google.mlkit:common:18.8.0] AndroidManifest.xml:10:13-78
224            android:authorities="com.example.beyoureyes.mlkitinitprovider"
224-->[com.google.mlkit:common:18.8.0] AndroidManifest.xml:11:13-69
225            android:exported="false"
225-->[com.google.mlkit:common:18.8.0] AndroidManifest.xml:12:13-37
226            android:initOrder="99" />
226-->[com.google.mlkit:common:18.8.0] AndroidManifest.xml:13:13-35
227
228        <activity
228-->[com.google.android.gms:play-services-base:18.1.0] AndroidManifest.xml:20:9-22:45
229            android:name="com.google.android.gms.common.api.GoogleApiActivity"
229-->[com.google.android.gms:play-services-base:18.1.0] AndroidManifest.xml:20:19-85
230            android:exported="false"
230-->[com.google.android.gms:play-services-base:18.1.0] AndroidManifest.xml:22:19-43
231            android:theme="@android:style/Theme.Translucent.NoTitleBar" />
231-->[com.google.android.gms:play-services-base:18.1.0] AndroidManifest.xml:21:19-78
232
233        <provider
233-->[com.google.firebase:firebase-common:20.3.3] AndroidManifest.xml:25:9-30:39
234            android:name="com.google.firebase.provider.FirebaseInitProvider"
234-->[com.google.firebase:firebase-common:20.3.3] AndroidManifest.xml:26:13-77
235            android:authorities="com.example.beyoureyes.firebaseinitprovider"
235-->[com.google.firebase:firebase-common:20.3.3] AndroidManifest.xml:27:13-72
236            android:directBootAware="true"
236-->[com.google.firebase:firebase-common:20.3.3] AndroidManifest.xml:28:13-43
237            android:exported="false"
237-->[com.google.firebase:firebase-common:20.3.3] AndroidManifest.xml:29:13-37
238            android:initOrder="100" />
238-->[com.google.firebase:firebase-common:20.3.3] AndroidManifest.xml:30:13-36
239
240        <meta-data
240-->[com.google.android.gms:play-services-basement:18.1.0] AndroidManifest.xml:21:9-23:69
241            android:name="com.google.android.gms.version"
241-->[com.google.android.gms:play-services-basement:18.1.0] AndroidManifest.xml:22:13-58
242            android:value="@integer/google_play_services_version" />
242-->[com.google.android.gms:play-services-basement:18.1.0] AndroidManifest.xml:23:13-66
243
244        <uses-library
244-->[androidx.camera:camera-extensions:1.2.0-alpha01] AndroidManifest.xml:31:9-33:40
245            android:name="androidx.camera.extensions.impl"
245-->[androidx.camera:camera-extensions:1.2.0-alpha01] AndroidManifest.xml:32:13-59
246            android:required="false" />
246-->[androidx.camera:camera-extensions:1.2.0-alpha01] AndroidManifest.xml:33:13-37
247
248        <service
248-->[androidx.camera:camera-camera2:1.2.0-alpha01] AndroidManifest.xml:26:9-35:19
249            android:name="androidx.camera.core.impl.MetadataHolderService"
249-->[androidx.camera:camera-camera2:1.2.0-alpha01] AndroidManifest.xml:27:13-75
250            android:enabled="false"
250-->[androidx.camera:camera-camera2:1.2.0-alpha01] AndroidManifest.xml:28:13-36
251            android:exported="false" >
251-->[androidx.camera:camera-camera2:1.2.0-alpha01] AndroidManifest.xml:29:13-37
252            <meta-data
252-->[androidx.camera:camera-camera2:1.2.0-alpha01] AndroidManifest.xml:32:13-34:89
253                android:name="androidx.camera.core.impl.MetadataHolderService.DEFAULT_CONFIG_PROVIDER"
253-->[androidx.camera:camera-camera2:1.2.0-alpha01] AndroidManifest.xml:33:17-103
254                android:value="androidx.camera.camera2.Camera2Config$DefaultProvider" />
254-->[androidx.camera:camera-camera2:1.2.0-alpha01] AndroidManifest.xml:34:17-86
255        </service>
256
257        <provider
257-->[androidx.emoji2:emoji2:1.2.0] AndroidManifest.xml:24:9-32:20
258            android:name="androidx.startup.InitializationProvider"
258-->[androidx.emoji2:emoji2:1.2.0] AndroidManifest.xml:25:13-67
259            android:authorities="com.example.beyoureyes.androidx-startup"
259-->[androidx.emoji2:emoji2:1.2.0] AndroidManifest.xml:26:13-68
260            android:exported="false" >
260-->[androidx.emoji2:emoji2:1.2.0] AndroidManifest.xml:27:13-37
261            <meta-data
261-->[androidx.emoji2:emoji2:1.2.0] AndroidManifest.xml:29:13-31:52
262                android:name="androidx.emoji2.text.EmojiCompatInitializer"
262-->[androidx.emoji2:emoji2:1.2.0] AndroidManifest.xml:30:17-75
263                android:value="androidx.startup" />
263-->[androidx.emoji2:emoji2:1.2.0] AndroidManifest.xml:31:17-49
264            <meta-data
264-->[androidx.lifecycle:lifecycle-process:2.4.1] AndroidManifest.xml:31:13-33:52
265                android:name="androidx.lifecycle.ProcessLifecycleInitializer"
265-->[androidx.lifecycle:lifecycle-process:2.4.1] AndroidManifest.xml:32:17-78
266                android:value="androidx.startup" />
266-->[androidx.lifecycle:lifecycle-process:2.4.1] AndroidManifest.xml:33:17-49
267        </provider>
268
269        <service
269-->[com.google.android.datatransport:transport-backend-cct:2.3.3] AndroidManifest.xml:29:9-35:19
270            android:name="com.google.android.datatransport.runtime.backends.TransportBackendDiscovery"
270-->[com.google.android.datatransport:transport-backend-cct:2.3.3] AndroidManifest.xml:30:13-103
271            android:exported="false" >
271-->[com.google.android.datatransport:transport-backend-cct:2.3.3] AndroidManifest.xml:31:13-37
272            <meta-data
272-->[com.google.android.datatransport:transport-backend-cct:2.3.3] AndroidManifest.xml:32:13-34:39
273                android:name="backend:com.google.android.datatransport.cct.CctBackendFactory"
273-->[com.google.android.datatransport:transport-backend-cct:2.3.3] AndroidManifest.xml:33:17-94
274                android:value="cct" />
274-->[com.google.android.datatransport:transport-backend-cct:2.3.3] AndroidManifest.xml:34:17-36
275        </service>
276        <service
276-->[com.google.android.datatransport:transport-runtime:2.2.6] AndroidManifest.xml:26:9-30:19
277            android:name="com.google.android.datatransport.runtime.scheduling.jobscheduling.JobInfoSchedulerService"
277-->[com.google.android.datatransport:transport-runtime:2.2.6] AndroidManifest.xml:27:13-117
278            android:exported="false"
278-->[com.google.android.datatransport:transport-runtime:2.2.6] AndroidManifest.xml:28:13-37
279            android:permission="android.permission.BIND_JOB_SERVICE" >
279-->[com.google.android.datatransport:transport-runtime:2.2.6] AndroidManifest.xml:29:13-69
280        </service>
281
282        <receiver
282-->[com.google.android.datatransport:transport-runtime:2.2.6] AndroidManifest.xml:32:9-34:40
283            android:name="com.google.android.datatransport.runtime.scheduling.jobscheduling.AlarmManagerSchedulerBroadcastReceiver"
283-->[com.google.android.datatransport:transport-runtime:2.2.6] AndroidManifest.xml:33:13-132
284            android:exported="false" />
284-->[com.google.android.datatransport:transport-runtime:2.2.6] AndroidManifest.xml:34:13-37
285    </application>
286
287</manifest>